<?xml version="1.0" encoding="UTF-8"?>
<testsuite name="observer.ObserverTest" tests="1" skipped="0" failures="0" errors="0" timestamp="2021-04-29T12:53:44" hostname="LAPTOP-4MR3KE2N" time="0.045">
  <properties/>
  <testcase name="allSeatsFilled()" classname="observer.ObserverTest" time="0.045"/>
  <system-out><![CDATA[
-- Observer 7 was updated: Ticket sold --
1 ticket is currently sold!

-- Observer 7 was updated: Ticket sold --
2 tickets are currently sold!

-- Observer 7 was updated: Ticket sold --
3 tickets are currently sold!

-- Observer 7 was updated: Ticket sold --
4 tickets are currently sold!

-- Observer 7 was updated: Ticket sold --
5 tickets are currently sold!

-- Observer 7 was updated: Seat filled --
1 seat is currently filled!

-- Observer 7 was updated: Seat filled --
2 seats are currently filled!

-- Observer 7 was updated: Seat filled --
3 seats are currently filled!

-- Observer 7 was updated: Seat filled --
4 seats are currently filled!

-- Observer 7 was updated: Seat filled --
5 seats are currently filled!

-- Observer 7 was updated: All seats filled --
** All seats are filled!
5 seats are currently filled!
]]></system-out>
  <system-err><![CDATA[]]></system-err>
</testsuite>
