<?xml version="1.0" encoding="UTF-8"?>
<testsuite name="observer.ObserverTest" tests="6" skipped="0" failures="0" errors="0" timestamp="2021-04-18T11:06:40" hostname="LAPTOP-4MR3KE2N" time="0.042">
  <properties/>
  <testcase name="ticketsSoldOut()" classname="observer.ObserverTest" time="0.027"/>
  <testcase name="warnObservers()" classname="observer.ObserverTest" time="0.001"/>
  <testcase name="seatFilled()" classname="observer.ObserverTest" time="0.002"/>
  <testcase name="seatFilledWithoutTicket()" classname="observer.ObserverTest" time="0.001"/>
  <testcase name="multipleTicketsSold()" classname="observer.ObserverTest" time="0.003"/>
  <testcase name="ticketSold()" classname="observer.ObserverTest" time="0.003"/>
  <system-out><![CDATA[
-- Observer 4 was updated: Ticket sold --
1 ticket is currently sold!

-- Observer 4 was updated: Ticket sold --
2 tickets are currently sold!

-- Observer 4 was updated: Ticket sold --
3 tickets are currently sold!

-- Observer 4 was updated: Ticket sold --
4 tickets are currently sold!

-- Observer 4 was updated: Ticket sold --
5 tickets are currently sold!

-- Observer 4 was updated: Sold out --
** Movie theater is SOLD OUT!
5 tickets are currently sold!

-- Observer 4 was updated: Test --

-- Observer 1 was updated: Test --

-- Observer 4 was updated: Ticket sold --

-- Observer 5 was updated: Ticket sold --

-- Observer 1 was updated: Ticket sold --
1 ticket is currently sold!

-- Observer 4 was updated: Seat filled --

-- Observer 5 was updated: Seat filled --

-- Observer 1 was updated: Seat filled --
1 seat is currently filled!

-- Observer 4 was updated: No ticket --

-- Observer 6 was updated: No ticket --

-- Observer 5 was updated: No ticket --

-- Observer 1 was updated: No ticket --
** A ticket must be bought first!
0 seats are currently filled!

-- Observer 4 was updated: Ticket sold --

-- Observer 6 was updated: Ticket sold --

-- Observer 5 was updated: Ticket sold --

-- Observer 1 was updated: Ticket sold --

-- Observer 3 was updated: Ticket sold --
1 ticket is currently sold!

-- Observer 4 was updated: Ticket sold --

-- Observer 6 was updated: Ticket sold --

-- Observer 5 was updated: Ticket sold --

-- Observer 1 was updated: Ticket sold --

-- Observer 3 was updated: Ticket sold --
2 tickets are currently sold!

-- Observer 4 was updated: Ticket sold --

-- Observer 6 was updated: Ticket sold --

-- Observer 5 was updated: Ticket sold --

-- Observer 1 was updated: Ticket sold --

-- Observer 3 was updated: Ticket sold --
3 tickets are currently sold!

-- Observer 4 was updated: Ticket sold --

-- Observer 6 was updated: Ticket sold --

-- Observer 5 was updated: Ticket sold --

-- Observer 2 was updated: Ticket sold --

-- Observer 1 was updated: Ticket sold --

-- Observer 3 was updated: Ticket sold --
1 ticket is currently sold!
]]></system-out>
  <system-err><![CDATA[]]></system-err>
</testsuite>
